This file contains any messages produced by compilers while
running configure, to aid debugging if configure makes a mistake.

It was created by libwdi configure 1.3.1, which was
generated by GNU Autoconf 2.71.  Invocation command line was

  $ ./configure --enable-toggable-debug --enable-examples-build --disable-debug '--with-wdkdir=C:/Program Files (x86)/Windows Kits/10' --with-wdfver=1011 --with-libusb0=D:/libusb-win32 --with-libusbk=D:/libusbK/bin --disable-shared --enable-static --disable-32bit --enable-64bit --host=x86_64-w64-mingw32 --with-libusb0=../../drivers/libusb-win32-bin-1.2.6.0/ --with-userdir=../../drivers/kedacom_adb/ --with-wdkdir=../../drivers/wdk-8.0 --with-wdfver=1011 --with-libusbk=../../drivers/libusbK-3.1.0.0-bin/bin/

## --------- ##
## Platform. ##
## --------- ##

hostname = DESKTOP-NR7EF6E
uname -m = x86_64
uname -r = 5.10.102.1-microsoft-standard-WSL2
uname -s = Linux
uname -v = #1 SMP Wed Mar 2 00:30:59 UTC 2022

/usr/bin/uname -p = x86_64
/bin/uname -X     = unknown

/bin/arch              = x86_64
/usr/bin/arch -k       = unknown
/usr/convex/getsysinfo = unknown
/usr/bin/hostinfo      = unknown
/bin/machine           = unknown
/usr/bin/oslevel       = unknown
/bin/universe          = unknown

PATH: /home/j005u/osxcross/target/bin/
PATH: /usr/local/sbin/
PATH: /usr/local/bin/
PATH: /usr/sbin/
PATH: /usr/bin/
PATH: /sbin/
PATH: /bin/
PATH: /usr/games/
PATH: /usr/local/games/
PATH: /usr/lib/wsl/lib/
PATH: /mnt/c/Program Files (x86)/VMware/VMware Player/bin/
PATH: /mnt/c/Program Files/Common Files/Oracle/Java/javapath/
PATH: /mnt/c/Python39/Scripts/
PATH: /mnt/c/Python39/
PATH: /mnt/c/Program Files/NVIDIA GPU Computing Toolkit/CUDA/v10.1/bin/
PATH: /mnt/c/Program Files/NVIDIA GPU Computing Toolkit/CUDA/v10.1/libnvvp/
PATH: /mnt/c/Program Files/NVIDIA GPU Computing Toolkit/CUDA/v11.2/bin/
PATH: /mnt/c/Program Files/NVIDIA GPU Computing Toolkit/CUDA/v11.2/libnvvp/
PATH: /mnt/c/Program Files/Oculus/Support/oculus-runtime/
PATH: /mnt/c/Windows/system32/
PATH: /mnt/c/Windows/
PATH: /mnt/c/Windows/System32/Wbem/
PATH: /mnt/c/Windows/System32/WindowsPowerShell/v1.0/
PATH: /mnt/c/Windows/System32/OpenSSH/
PATH: /mnt/c/Program Files (x86)/NVIDIA Corporation/PhysX/Common/
PATH: /mnt/c/Program Files/NVIDIA Corporation/Nsight Compute 2019.4.0/
PATH: /mnt/c/Program Files/NVIDIA Corporation/NVIDIA NvDLISR/
PATH: /mnt/c/Program Files (x86)/IDEMIA/AWP/Dlls/
PATH: /mnt/c/Program Files/IDEMIA/AWP/Dlls/
PATH: /mnt/c/Program Files/Git/cmd/
PATH: /mnt/c/Program Files/dotnet/
PATH: /mnt/c/ProgramData/chocolatey/bin/
PATH: /mnt/c/Program Files (x86)/Yarn/bin/
PATH: /mnt/c/Program Files/PuTTY/
PATH: /mnt/c/Program Files/MATLAB/MATLAB Runtime/v93/runtime/win64/
PATH: /mnt/c/HashiCorp/Vagrant/bin/
PATH: /mnt/c/Program Files/nodejs/
PATH: /mnt/c/WINDOWS/system32/
PATH: /mnt/c/WINDOWS/
PATH: /mnt/c/WINDOWS/System32/Wbem/
PATH: /mnt/c/WINDOWS/System32/WindowsPowerShell/v1.0/
PATH: /mnt/c/WINDOWS/System32/OpenSSH/
PATH: /mnt/c/Program Files/Docker/Docker/resources/bin/
PATH: /mnt/c/ProgramData/DockerDesktop/version-bin/
PATH: /mnt/c/Users/j005u/AppData/Local/Microsoft/WindowsApps/
PATH: /mnt/c/Users/j005u/AppData/Local/Programs/Microsoft VS Code/bin/
PATH: /mnt/c/Users/j005u/AppData/Local/Yarn/bin/
PATH: /mnt/c/Users/j005u/AppData/Local/Android/Sdk/platform-tools/
PATH: /mnt/c/Users/j005u/.dotnet/tools/
PATH: /mnt/c/Program Files (x86)/Nmap/
PATH: /mnt/c/Users/j005u/AppData/Roaming/npm/
PATH: /mnt/c/Program Files (x86)/BrowserStackLocal/
PATH: /snap/bin/


## ----------- ##
## Core tests. ##
## ----------- ##

configure:2447: looking for aux files: config.guess config.sub ltmain.sh compile missing install-sh
configure:2460:  trying ./
configure:2489:   ./config.guess found
configure:2489:   ./config.sub found
configure:2489:   ./ltmain.sh found
configure:2489:   ./compile found
configure:2489:   ./missing found
configure:2471:   ./install-sh found
configure:2618: checking for a BSD-compatible install
configure:2691: result: /usr/bin/install -c
configure:2702: checking whether build environment is sane
configure:2757: result: yes
configure:2813: checking for x86_64-w64-mingw32-strip
configure:2834: found /usr/bin/x86_64-w64-mingw32-strip
configure:2845: result: x86_64-w64-mingw32-strip
configure:2916: checking for a race-free mkdir -p
configure:2960: result: /usr/bin/mkdir -p
configure:2967: checking for gawk
configure:2988: found /usr/bin/gawk
configure:2999: result: gawk
configure:3010: checking whether make sets $(MAKE)
configure:3033: result: yes
configure:3063: checking whether make supports nested variables
configure:3081: result: yes
configure:3235: checking whether make supports nested variables
configure:3253: result: yes
configure:3283: checking for x86_64-w64-mingw32-gcc
configure:3304: found /usr/bin/x86_64-w64-mingw32-gcc
configure:3315: result: x86_64-w64-mingw32-gcc
configure:3713: checking for C compiler version
configure:3722: x86_64-w64-mingw32-gcc --version >&5
x86_64-w64-mingw32-gcc (GCC) 10-win32 20220113
Copyright (C) 2020 Free Software Foundation, Inc.
This is free software; see the source for copying conditions.  There is NO
warranty; not even for MERCHANTABILITY or FITNESS FOR A PARTICULAR PURPOSE.

configure:3733: $? = 0
configure:3722: x86_64-w64-mingw32-gcc -v >&5
Using built-in specs.
COLLECT_GCC=x86_64-w64-mingw32-gcc
COLLECT_LTO_WRAPPER=/usr/lib/gcc/x86_64-w64-mingw32/10-win32/lto-wrapper
Target: x86_64-w64-mingw32
Configured with: ../../src/configure --build=x86_64-linux-gnu --prefix=/usr --includedir='/usr/include' --mandir='/usr/share/man' --infodir='/usr/share/info' --sysconfdir=/etc --localstatedir=/var --disable-option-checking --disable-silent-rules --libdir='/usr/lib/x86_64-linux-gnu' --libexecdir='/usr/lib/x86_64-linux-gnu' --disable-maintainer-mode --disable-dependency-tracking --prefix=/usr --enable-shared --enable-static --disable-multilib --with-system-zlib --libexecdir=/usr/lib --without-included-gettext --libdir=/usr/lib --enable-libstdcxx-time=yes --with-tune=generic --with-headers --enable-version-specific-runtime-libs --enable-fully-dynamic-string --enable-libgomp --enable-languages=c,c++,fortran,objc,obj-c++,ada --enable-lto --enable-threads=win32 --program-suffix=-win32 --program-prefix=x86_64-w64-mingw32- --target=x86_64-w64-mingw32 --with-as=/usr/bin/x86_64-w64-mingw32-as --with-ld=/usr/bin/x86_64-w64-mingw32-ld --enable-libatomic --enable-libstdcxx-filesystem-ts=yes --enable-dependency-tracking SED=/bin/sed
Thread model: win32
Supported LTO compression algorithms: zlib
gcc version 10-win32 20220113 (GCC) 
configure:3733: $? = 0
configure:3722: x86_64-w64-mingw32-gcc -V >&5
x86_64-w64-mingw32-gcc: error: unrecognized command-line option '-V'
x86_64-w64-mingw32-gcc: fatal error: no input files
compilation terminated.
configure:3733: $? = 1
configure:3722: x86_64-w64-mingw32-gcc -qversion >&5
x86_64-w64-mingw32-gcc: error: unrecognized command-line option '-qversion'; did you mean '--version'?
x86_64-w64-mingw32-gcc: fatal error: no input files
compilation terminated.
configure:3733: $? = 1
configure:3722: x86_64-w64-mingw32-gcc -version >&5
x86_64-w64-mingw32-gcc: error: unrecognized command-line option '-version'
x86_64-w64-mingw32-gcc: fatal error: no input files
compilation terminated.
configure:3733: $? = 1
configure:3753: checking whether the C compiler works
configure:3775: x86_64-w64-mingw32-gcc    conftest.c  >&5
configure:3779: $? = 0
configure:3829: result: yes
configure:3832: checking for C compiler default output file name
configure:3834: result: a.exe
configure:3840: checking for suffix of executables
configure:3847: x86_64-w64-mingw32-gcc -o conftest.exe    conftest.c  >&5
configure:3851: $? = 0
configure:3874: result: .exe
configure:3896: checking whether we are cross compiling
configure:3904: x86_64-w64-mingw32-gcc -o conftest.exe    conftest.c  >&5
configure:3908: $? = 0
configure:3915: ./conftest.exe
configure:3919: $? = 0
configure:3934: result: no
configure:3939: checking for suffix of object files
configure:3962: x86_64-w64-mingw32-gcc -c   conftest.c >&5
configure:3966: $? = 0
configure:3988: result: o
configure:3992: checking whether the compiler supports GNU C
configure:4012: x86_64-w64-mingw32-gcc -c   conftest.c >&5
configure:4012: $? = 0
configure:4022: result: yes
configure:4033: checking whether x86_64-w64-mingw32-gcc accepts -g
configure:4054: x86_64-w64-mingw32-gcc -c -g  conftest.c >&5
configure:4054: $? = 0
configure:4098: result: yes
configure:4118: checking for x86_64-w64-mingw32-gcc option to enable C11 features
configure:4133: x86_64-w64-mingw32-gcc  -c -g -O2  conftest.c >&5
configure:4133: $? = 0
configure:4151: result: none needed
configure:4267: checking whether x86_64-w64-mingw32-gcc understands -c and -o together
configure:4290: x86_64-w64-mingw32-gcc -c conftest.c -o conftest2.o
configure:4293: $? = 0
configure:4290: x86_64-w64-mingw32-gcc -c conftest.c -o conftest2.o
configure:4293: $? = 0
configure:4305: result: yes
configure:4325: checking whether make supports the include directive
configure:4340: make -f confmf.GNU && cat confinc.out
make[1]: Entering directory '/home/j005u/dji_recovery_c/deps/libwdi-1.4.1'
make[1]: Leaving directory '/home/j005u/dji_recovery_c/deps/libwdi-1.4.1'
this is the am__doit target
configure:4343: $? = 0
configure:4362: result: yes (GNU style)
configure:4388: checking dependency style of x86_64-w64-mingw32-gcc
configure:4500: result: gcc3
configure:4547: checking build system type
configure:4562: result: x86_64-pc-linux-gnu
configure:4582: checking host system type
configure:4596: result: x86_64-w64-mingw32
configure:4637: checking how to print strings
configure:4664: result: printf
configure:4685: checking for a sed that does not truncate output
configure:4755: result: /usr/bin/sed
configure:4773: checking for grep that handles long lines and -e
configure:4837: result: /usr/bin/grep
configure:4842: checking for egrep
configure:4910: result: /usr/bin/grep -E
configure:4915: checking for fgrep
configure:4983: result: /usr/bin/grep -F
configure:5019: checking for ld used by x86_64-w64-mingw32-gcc
configure:5087: result: /usr/bin/x86_64-w64-mingw32-ld
configure:5094: checking if the linker (/usr/bin/x86_64-w64-mingw32-ld) is GNU ld
configure:5110: result: yes
configure:5122: checking for BSD- or MS-compatible name lister (nm)
configure:5177: result: /usr/bin/x86_64-w64-mingw32-nm -B
configure:5317: checking the name lister (/usr/bin/x86_64-w64-mingw32-nm -B) interface
configure:5325: x86_64-w64-mingw32-gcc -c -g -O2  conftest.c >&5
configure:5328: /usr/bin/x86_64-w64-mingw32-nm -B "conftest.o"
configure:5331: output
0000000000000000 b .bss
0000000000000000 d .data
0000000000000000 N .debug_abbrev
0000000000000000 N .debug_aranges
0000000000000000 N .debug_info
0000000000000000 N .debug_line
0000000000000000 r .rdata$zzz
0000000000000000 t .text
0000000000000000 B some_variable
configure:5338: result: BSD nm
configure:5341: checking whether ln -s works
configure:5345: result: yes
configure:5353: checking the maximum length of command line arguments
configure:5485: result: 1572864
configure:5533: checking how to convert x86_64-pc-linux-gnu file names to x86_64-w64-mingw32 format
configure:5574: result: func_convert_file_nix_to_w32
configure:5581: checking how to convert x86_64-pc-linux-gnu file names to toolchain format
configure:5602: result: func_convert_file_noop
configure:5609: checking for /usr/bin/x86_64-w64-mingw32-ld option to reload object files
configure:5617: result: -r
configure:5651: checking for x86_64-w64-mingw32-objdump
configure:5672: found /usr/bin/x86_64-w64-mingw32-objdump
configure:5683: result: x86_64-w64-mingw32-objdump
configure:5760: checking how to recognize dependent libraries
configure:5961: result: file_magic ^x86 archive import|^x86 DLL
configure:6006: checking for x86_64-w64-mingw32-dlltool
configure:6027: found /usr/bin/x86_64-w64-mingw32-dlltool
configure:6038: result: x86_64-w64-mingw32-dlltool
configure:6116: checking how to associate runtime and link libraries
configure:6144: result: func_cygming_dll_for_implib
configure:6161: checking for x86_64-w64-mingw32-ar
configure:6182: found /usr/bin/x86_64-w64-mingw32-ar
configure:6193: result: x86_64-w64-mingw32-ar
configure:6279: checking for archiver @FILE support
configure:6297: x86_64-w64-mingw32-gcc -c -g -O2  conftest.c >&5
configure:6297: $? = 0
configure:6301: x86_64-w64-mingw32-ar cr libconftest.a @conftest.lst >&5
configure:6304: $? = 0
configure:6309: x86_64-w64-mingw32-ar cr libconftest.a @conftest.lst >&5
x86_64-w64-mingw32-ar: conftest.o: No such file or directory
configure:6312: $? = 1
configure:6324: result: @
configure:6342: checking for x86_64-w64-mingw32-strip
configure:6374: result: x86_64-w64-mingw32-strip
configure:6451: checking for x86_64-w64-mingw32-ranlib
configure:6472: found /usr/bin/x86_64-w64-mingw32-ranlib
configure:6483: result: x86_64-w64-mingw32-ranlib
configure:6630: checking command to parse /usr/bin/x86_64-w64-mingw32-nm -B output from x86_64-w64-mingw32-gcc object
configure:6784: x86_64-w64-mingw32-gcc -c -g -O2  conftest.c >&5
configure:6787: $? = 0
configure:6791: /usr/bin/x86_64-w64-mingw32-nm -B conftest.o | sed -n -e 's/^.*[	 ]\([ABCDGIRSTW][ABCDGIRSTW]*\)[	 ][	 ]*\([_A-Za-z][_A-Za-z0-9]*\)$/\1 \2 \2/p' | sed '/ __gnu_lto/d' > conftest.nm
configure:6857: x86_64-w64-mingw32-gcc -o conftest.exe -g -O2   conftest.c conftstm.o >&5
configure:6860: $? = 0
configure:6898: result: ok
configure:6945: checking for sysroot
configure:6976: result: no
configure:6983: checking for a working dd
configure:7027: result: /usr/bin/dd
configure:7031: checking how to truncate binary pipes
configure:7047: result: /usr/bin/dd bs=4096 count=1
configure:7339: checking for x86_64-w64-mingw32-mt
configure:7374: result: no
configure:7384: checking for mt
configure:7405: found /usr/bin/mt
configure:7416: result: mt
configure:7439: checking if mt is a manifest tool
configure:7446: mt '-?'
configure:7454: result: no
configure:8184: checking for stdio.h
configure:8184: x86_64-w64-mingw32-gcc -c -g -O2  conftest.c >&5
configure:8184: $? = 0
configure:8184: result: yes
configure:8184: checking for stdlib.h
configure:8184: x86_64-w64-mingw32-gcc -c -g -O2  conftest.c >&5
configure:8184: $? = 0
configure:8184: result: yes
configure:8184: checking for string.h
configure:8184: x86_64-w64-mingw32-gcc -c -g -O2  conftest.c >&5
configure:8184: $? = 0
configure:8184: result: yes
configure:8184: checking for inttypes.h
configure:8184: x86_64-w64-mingw32-gcc -c -g -O2  conftest.c >&5
configure:8184: $? = 0
configure:8184: result: yes
configure:8184: checking for stdint.h
configure:8184: x86_64-w64-mingw32-gcc -c -g -O2  conftest.c >&5
configure:8184: $? = 0
configure:8184: result: yes
configure:8184: checking for strings.h
configure:8184: x86_64-w64-mingw32-gcc -c -g -O2  conftest.c >&5
configure:8184: $? = 0
configure:8184: result: yes
configure:8184: checking for sys/stat.h
configure:8184: x86_64-w64-mingw32-gcc -c -g -O2  conftest.c >&5
configure:8184: $? = 0
configure:8184: result: yes
configure:8184: checking for sys/types.h
configure:8184: x86_64-w64-mingw32-gcc -c -g -O2  conftest.c >&5
configure:8184: $? = 0
configure:8184: result: yes
configure:8184: checking for unistd.h
configure:8184: x86_64-w64-mingw32-gcc -c -g -O2  conftest.c >&5
configure:8184: $? = 0
configure:8184: result: yes
configure:8209: checking for dlfcn.h
configure:8209: x86_64-w64-mingw32-gcc -c -g -O2  conftest.c >&5
conftest.c:50:10: fatal error: dlfcn.h: No such file or directory
   50 | #include <dlfcn.h>
      |          ^~~~~~~~~
compilation terminated.
configure:8209: $? = 1
configure: failed program was:
| /* confdefs.h */
| #define PACKAGE_NAME "libwdi"
| #define PACKAGE_TARNAME "libwdi"
| #define PACKAGE_VERSION "1.3.1"
| #define PACKAGE_STRING "libwdi 1.3.1"
| #define PACKAGE_BUGREPORT "libwdi-devel@lists.sourceforge.net"
| #define PACKAGE_URL "http://libwdi.akeo.ie"
| #define PACKAGE "libwdi"
| #define VERSION "1.3.1"
| #define HAVE_STDIO_H 1
| #define HAVE_STDLIB_H 1
| #define HAVE_STRING_H 1
| #define HAVE_INTTYPES_H 1
| #define HAVE_STDINT_H 1
| #define HAVE_STRINGS_H 1
| #define HAVE_SYS_STAT_H 1
| #define HAVE_SYS_TYPES_H 1
| #define HAVE_UNISTD_H 1
| #define STDC_HEADERS 1
| /* end confdefs.h.  */
| #include <stddef.h>
| #ifdef HAVE_STDIO_H
| # include <stdio.h>
| #endif
| #ifdef HAVE_STDLIB_H
| # include <stdlib.h>
| #endif
| #ifdef HAVE_STRING_H
| # include <string.h>
| #endif
| #ifdef HAVE_INTTYPES_H
| # include <inttypes.h>
| #endif
| #ifdef HAVE_STDINT_H
| # include <stdint.h>
| #endif
| #ifdef HAVE_STRINGS_H
| # include <strings.h>
| #endif
| #ifdef HAVE_SYS_TYPES_H
| # include <sys/types.h>
| #endif
| #ifdef HAVE_SYS_STAT_H
| # include <sys/stat.h>
| #endif
| #ifdef HAVE_UNISTD_H
| # include <unistd.h>
| #endif
| 
| #include <dlfcn.h>
configure:8209: result: no
configure:8468: checking for objdir
configure:8484: result: .libs
configure:8748: checking if x86_64-w64-mingw32-gcc supports -fno-rtti -fno-exceptions
configure:8767: x86_64-w64-mingw32-gcc -c -g -O2  -fno-rtti -fno-exceptions conftest.c >&5
cc1: warning: command-line option '-fno-rtti' is valid for C++/D/ObjC++ but not for C
configure:8771: $? = 0
configure:8784: result: no
configure:9148: checking for x86_64-w64-mingw32-gcc option to produce PIC
configure:9156: result: -DDLL_EXPORT -DPIC
configure:9164: checking if x86_64-w64-mingw32-gcc PIC flag -DDLL_EXPORT -DPIC works
configure:9183: x86_64-w64-mingw32-gcc -c -g -O2  -DDLL_EXPORT -DPIC -DPIC conftest.c >&5
configure:9187: $? = 0
configure:9200: result: yes
configure:9229: checking if x86_64-w64-mingw32-gcc static flag -static works
configure:9258: result: yes
configure:9273: checking if x86_64-w64-mingw32-gcc supports -c -o file.o
configure:9295: x86_64-w64-mingw32-gcc -c -g -O2  -o out/conftest2.o conftest.c >&5
configure:9299: $? = 0
configure:9321: result: yes
configure:9329: checking if x86_64-w64-mingw32-gcc supports -c -o file.o
configure:9377: result: yes
configure:9410: checking whether the x86_64-w64-mingw32-gcc linker (/usr/bin/x86_64-w64-mingw32-ld) supports shared libraries
configure:10680: result: yes
configure:10921: checking dynamic linker characteristics
configure:11754: result: Win32 ld.exe
configure:11876: checking how to hardcode library paths into programs
configure:11901: result: immediate
configure:12453: checking whether stripping libraries is possible
configure:12458: result: yes
configure:12493: checking if libtool supports shared libraries
configure:12495: result: yes
configure:12498: checking whether to build shared libraries
configure:12523: result: no
configure:12526: checking whether to build static libraries
configure:12530: result: yes
configure:12570: checking for x86_64-w64-mingw32-windres
configure:12591: found /usr/bin/x86_64-w64-mingw32-windres
configure:12602: result: x86_64-w64-mingw32-windres
configure:12747: checking for inline
configure:12764: x86_64-w64-mingw32-gcc -c -g -O2  conftest.c >&5
configure:12764: $? = 0
configure:12773: result: inline
configure:12873: checking development environment
configure:12877: result: MinGW
configure:12968: checking whether the build compiler can produce executables that run on this host
configure:12988: gcc -o conftest.exe    conftest.c  >&5
configure:12988: $? = 0
configure:12988: ./conftest.exe
configure:12988: $? = 0
configure:12990: result: yes
configure:13015: checking whether the compiler can produce 32 bit binaries
configure:13028: x86_64-w64-mingw32-gcc -c -g -O2 -m32  conftest.c >&5
configure:13028: $? = 0
configure:13036: result: yes
configure:13047: checking whether the compiler can produce 64 bit binaries
configure:13060: x86_64-w64-mingw32-gcc -c -g -O2 -m64  conftest.c >&5
configure:13060: $? = 0
configure:13068: result: yes
configure:13161: WARNING: will produce a 64 bit library that is INCOMPATIBLE with 32 bit platforms
configure:13182: checking for ../../drivers/wdk-8.0/redist/winusb/
configure:13197: result: no
configure:13216: checking for ../../drivers/wdk-8.0/redist/wdf/x64/
configure:13231: result: yes
configure:13249: checking for ../../drivers/wdk-8.0/redist/wdf/x64/WdfCoInstaller01011.dll
configure:13264: result: yes
configure:13277: checking for ../../drivers/wdk-8.0/redist/wdf/x64/winusbcoinstaller2.dll
configure:13292: result: yes
configure:13375: checking for ../../drivers/libusb-win32-bin-1.2.6.0//bin/x86/libusb0.sys
configure:13390: result: yes
configure:13403: checking for ../../drivers/libusb-win32-bin-1.2.6.0//bin/x86/libusb0_x86.dll
configure:13418: result: yes
configure:13433: checking for ../../drivers/libusb-win32-bin-1.2.6.0//bin/amd64/libusb0.sys
configure:13448: result: yes
configure:13461: checking for ../../drivers/libusb-win32-bin-1.2.6.0//bin/amd64/libusb0.dll
configure:13476: result: yes
configure:13500: checking for ../../drivers/libusbK-3.1.0.0-bin/bin//sys/x86/libusbK.sys
configure:13515: result: yes
configure:13528: checking for ../../drivers/libusbK-3.1.0.0-bin/bin//dll/x86/libusbK.dll
configure:13543: result: yes
configure:13556: checking for ../../drivers/libusbK-3.1.0.0-bin/bin//dll/x86/libusb0.dll
configure:13571: result: yes
configure:13586: checking for ../../drivers/libusbK-3.1.0.0-bin/bin//sys/amd64/libusbK.sys
configure:13601: result: yes
configure:13614: checking for ../../drivers/libusbK-3.1.0.0-bin/bin//dll/amd64/libusbK.dll
configure:13629: result: yes
configure:13642: checking for ../../drivers/libusbK-3.1.0.0-bin/bin//dll/amd64/libusb0.dll
configure:13657: result: yes
configure:13680: checking for ../../drivers/kedacom_adb/
configure:13695: result: yes
configure:13804: x86_64-w64-mingw32-gcc -c -Os -Wno-pointer-sign  conftest.c >&5
conftest.c:33: warning: "WDK_DIR" redefined
   33 | #define WDK_DIR "../../../drivers/wdk-8.0"
      | 
conftest.c:22: note: this is the location of the previous definition
   22 | #define WDK_DIR "../../drivers/wdk-8.0"
      | 
conftest.c:38: warning: "LIBUSB0_DIR" redefined
   38 | #define LIBUSB0_DIR "../../../drivers/libusb-win32-bin-1.2.6.0/"
      | 
conftest.c:24: note: this is the location of the previous definition
   24 | #define LIBUSB0_DIR "../../drivers/libusb-win32-bin-1.2.6.0/"
      | 
conftest.c:45: warning: "LIBUSBK_DIR" redefined
   45 | #define LIBUSBK_DIR "../../../drivers/libusbK-3.1.0.0-bin/bin/"
      | 
conftest.c:25: note: this is the location of the previous definition
   25 | #define LIBUSBK_DIR "../../drivers/libusbK-3.1.0.0-bin/bin/"
      | 
conftest.c:46: warning: "USER_DIR" redefined
   46 | #define USER_DIR "../../../drivers/kedacom_adb/"
      | 
conftest.c:26: note: this is the location of the previous definition
   26 | #define USER_DIR "../../drivers/kedacom_adb/"
      | 
configure:13804: $? = 0
configure:13924: checking that generated files are newer than configure
configure:13930: result: done
configure:13969: creating ./config.status

## ---------------------- ##
## Running config.status. ##
## ---------------------- ##

This file was extended by libwdi config.status 1.3.1, which was
generated by GNU Autoconf 2.71.  Invocation command line was

  CONFIG_FILES    = 
  CONFIG_HEADERS  = 
  CONFIG_LINKS    = 
  CONFIG_COMMANDS = 
  $ ./config.status 

on DESKTOP-NR7EF6E

config.status:1189: creating Makefile
config.status:1189: creating libwdi/Makefile
config.status:1189: creating libwdi/libwdi.pc
config.status:1189: creating examples/Makefile
config.status:1189: creating config.h
config.status:1418: executing depfiles commands
config.status:1495: cd libwdi       && sed -e '/# am--include-marker/d' Makefile         | make -f - am--depfiles
make[1]: Entering directory '/home/j005u/dji_recovery_c/deps/libwdi-1.4.1/libwdi'
make[1]: Leaving directory '/home/j005u/dji_recovery_c/deps/libwdi-1.4.1/libwdi'
config.status:1500: $? = 0
config.status:1495: cd examples       && sed -e '/# am--include-marker/d' Makefile         | make -f - am--depfiles
make[1]: Entering directory '/home/j005u/dji_recovery_c/deps/libwdi-1.4.1/examples'
make[1]: Leaving directory '/home/j005u/dji_recovery_c/deps/libwdi-1.4.1/examples'
config.status:1500: $? = 0
config.status:1418: executing libtool commands

## ---------------- ##
## Cache variables. ##
## ---------------- ##

ac_cv_build=x86_64-pc-linux-gnu
ac_cv_c_compiler_gnu=yes
ac_cv_c_inline=inline
ac_cv_env_CC_set=
ac_cv_env_CC_value=
ac_cv_env_CFLAGS_set=
ac_cv_env_CFLAGS_value=
ac_cv_env_CPPFLAGS_set=
ac_cv_env_CPPFLAGS_value=
ac_cv_env_LDFLAGS_set=
ac_cv_env_LDFLAGS_value=
ac_cv_env_LIBS_set=
ac_cv_env_LIBS_value=
ac_cv_env_LT_SYS_LIBRARY_PATH_set=
ac_cv_env_LT_SYS_LIBRARY_PATH_value=
ac_cv_env_build_alias_set=
ac_cv_env_build_alias_value=
ac_cv_env_host_alias_set=set
ac_cv_env_host_alias_value=x86_64-w64-mingw32
ac_cv_env_target_alias_set=
ac_cv_env_target_alias_value=
ac_cv_exeext=.exe
ac_cv_file_______drivers_kedacom_adb_=yes
ac_cv_file_______drivers_libusbK_3_1_0_0_bin_bin__dll_amd64_libusb0_dll=yes
ac_cv_file_______drivers_libusbK_3_1_0_0_bin_bin__dll_amd64_libusbK_dll=yes
ac_cv_file_______drivers_libusbK_3_1_0_0_bin_bin__dll_x86_libusb0_dll=yes
ac_cv_file_______drivers_libusbK_3_1_0_0_bin_bin__dll_x86_libusbK_dll=yes
ac_cv_file_______drivers_libusbK_3_1_0_0_bin_bin__sys_amd64_libusbK_sys=yes
ac_cv_file_______drivers_libusbK_3_1_0_0_bin_bin__sys_x86_libusbK_sys=yes
ac_cv_file_______drivers_libusb_win32_bin_1_2_6_0__bin_amd64_libusb0_dll=yes
ac_cv_file_______drivers_libusb_win32_bin_1_2_6_0__bin_amd64_libusb0_sys=yes
ac_cv_file_______drivers_libusb_win32_bin_1_2_6_0__bin_x86_libusb0_sys=yes
ac_cv_file_______drivers_libusb_win32_bin_1_2_6_0__bin_x86_libusb0_x86_dll=yes
ac_cv_file_______drivers_wdk_8_0_redist_wdf_x64_=yes
ac_cv_file_______drivers_wdk_8_0_redist_wdf_x64_WdfCoInstaller01011_dll=yes
ac_cv_file_______drivers_wdk_8_0_redist_wdf_x64_winusbcoinstaller2_dll=yes
ac_cv_file_______drivers_wdk_8_0_redist_winusb_=no
ac_cv_header_dlfcn_h=no
ac_cv_header_inttypes_h=yes
ac_cv_header_stdint_h=yes
ac_cv_header_stdio_h=yes
ac_cv_header_stdlib_h=yes
ac_cv_header_string_h=yes
ac_cv_header_strings_h=yes
ac_cv_header_sys_stat_h=yes
ac_cv_header_sys_types_h=yes
ac_cv_header_unistd_h=yes
ac_cv_host=x86_64-w64-mingw32
ac_cv_objext=o
ac_cv_path_EGREP='/usr/bin/grep -E'
ac_cv_path_FGREP='/usr/bin/grep -F'
ac_cv_path_GREP=/usr/bin/grep
ac_cv_path_SED=/usr/bin/sed
ac_cv_path_install='/usr/bin/install -c'
ac_cv_path_lt_DD=/usr/bin/dd
ac_cv_path_mkdir=/usr/bin/mkdir
ac_cv_prog_AR=x86_64-w64-mingw32-ar
ac_cv_prog_AWK=gawk
ac_cv_prog_CC=x86_64-w64-mingw32-gcc
ac_cv_prog_DLLTOOL=x86_64-w64-mingw32-dlltool
ac_cv_prog_OBJDUMP=x86_64-w64-mingw32-objdump
ac_cv_prog_RANLIB=x86_64-w64-mingw32-ranlib
ac_cv_prog_RC=x86_64-w64-mingw32-windres
ac_cv_prog_STRIP=x86_64-w64-mingw32-strip
ac_cv_prog_ac_ct_MANIFEST_TOOL=mt
ac_cv_prog_cc_c11=
ac_cv_prog_cc_g=yes
ac_cv_prog_cc_stdc=
ac_cv_prog_make_make_set=yes
am_cv_CC_dependencies_compiler_type=gcc3
am_cv_make_support_nested_variables=yes
am_cv_prog_cc_c_o=yes
lt_cv_ar_at_file=@
lt_cv_deplibs_check_method='file_magic ^x86 archive import|^x86 DLL'
lt_cv_file_magic_cmd=func_win32_libid
lt_cv_file_magic_test_file=
lt_cv_ld_reload_flag=-r
lt_cv_nm_interface='BSD nm'
lt_cv_objdir=.libs
lt_cv_path_LD=/usr/bin/x86_64-w64-mingw32-ld
lt_cv_path_NM='/usr/bin/x86_64-w64-mingw32-nm -B'
lt_cv_path_mainfest_tool=no
lt_cv_prog_compiler_c_o=yes
lt_cv_prog_compiler_c_o_RC=yes
lt_cv_prog_compiler_pic='-DDLL_EXPORT -DPIC'
lt_cv_prog_compiler_pic_works=yes
lt_cv_prog_compiler_rtti_exceptions=no
lt_cv_prog_compiler_static_works=yes
lt_cv_prog_gnu_ld=yes
lt_cv_sharedlib_from_linklib_cmd=func_cygming_dll_for_implib
lt_cv_sys_global_symbol_pipe='sed -n -e '\''s/^.*[	 ]\([ABCDGIRSTW][ABCDGIRSTW]*\)[	 ][	 ]*\([_A-Za-z][_A-Za-z0-9]*\)$/\1 \2 \2/p'\'' | sed '\''/ __gnu_lto/d'\'''
lt_cv_sys_global_symbol_to_c_name_address='sed -n -e '\''s/^: \(.*\) .*$/  {"\1", (void *) 0},/p'\'' -e '\''s/^[ABCDGIRSTW][ABCDGIRSTW]* .* \(.*\)$/  {"\1", (void *) \&\1},/p'\'''
lt_cv_sys_global_symbol_to_c_name_address_lib_prefix='sed -n -e '\''s/^: \(.*\) .*$/  {"\1", (void *) 0},/p'\'' -e '\''s/^[ABCDGIRSTW][ABCDGIRSTW]* .* \(lib.*\)$/  {"\1", (void *) \&\1},/p'\'' -e '\''s/^[ABCDGIRSTW][ABCDGIRSTW]* .* \(.*\)$/  {"lib\1", (void *) \&\1},/p'\'''
lt_cv_sys_global_symbol_to_cdecl='sed -n -e '\''s/^T .* \(.*\)$/extern int \1();/p'\'' -e '\''s/^[ABCDGIRSTW][ABCDGIRSTW]* .* \(.*\)$/extern char \1;/p'\'''
lt_cv_sys_global_symbol_to_import=
lt_cv_sys_max_cmd_len=1572864
lt_cv_to_host_file_cmd=func_convert_file_nix_to_w32
lt_cv_to_tool_file_cmd=func_convert_file_noop
lt_cv_truncate_bin='/usr/bin/dd bs=4096 count=1'

## ----------------- ##
## Output variables. ##
## ----------------- ##

ACLOCAL='${SHELL} '\''/home/j005u/dji_recovery_c/deps/libwdi-1.4.1/missing'\'' aclocal-1.16'
AMDEPBACKSLASH='\'
AMDEP_FALSE='#'
AMDEP_TRUE=''
AMTAR='$${TAR-tar}'
AM_BACKSLASH='\'
AM_CFLAGS='-Wshadow -Wno-stringop-truncation -DWINVER=0x0601 -D_WIN32_WINNT=0x0601 -D_WIN32_IE=0x0700 -std=gnu99 -Wall -Wundef -Wunused -Wstrict-prototypes -Werror-implicit-function-declaration -Wno-pointer-sign -Wshadow'
AM_DEFAULT_V='$(AM_DEFAULT_VERBOSITY)'
AM_DEFAULT_VERBOSITY='0'
AM_LDFLAGS='-Wl,--add-stdcall-alias -no-undefined -avoid-version'
AM_V='$(V)'
AR='x86_64-w64-mingw32-ar'
ARCH_CFLAGS='-m64 -D_WIN64'
ARCH_RCFLAGS=''
AUTOCONF='${SHELL} '\''/home/j005u/dji_recovery_c/deps/libwdi-1.4.1/missing'\'' autoconf'
AUTOHEADER='${SHELL} '\''/home/j005u/dji_recovery_c/deps/libwdi-1.4.1/missing'\'' autoheader'
AUTOMAKE='${SHELL} '\''/home/j005u/dji_recovery_c/deps/libwdi-1.4.1/missing'\'' automake-1.16'
AWK='gawk'
BUILD_EXAMPLES_FALSE='#'
BUILD_EXAMPLES_TRUE=''
CC='x86_64-w64-mingw32-gcc'
CCDEPMODE='depmode=gcc3'
CC_FOR_BUILD='gcc'
CFLAGS='-Os'
COINSTALLER_DIR='wdf'
CPPFLAGS=''
CREATE_IMPORT_LIB_FALSE='#'
CREATE_IMPORT_LIB_TRUE=''
CSCOPE='cscope'
CTAGS='ctags'
CYGPATH_W='echo'
DEFS='-DHAVE_CONFIG_H'
DEPDIR='.deps'
DLLTOOL='x86_64-w64-mingw32-dlltool'
DSYMUTIL=''
DUMPBIN=''
ECHO_C=''
ECHO_N='-n'
ECHO_T=''
EGREP='/usr/bin/grep -E'
ETAGS='etags'
EXEEXT='.exe'
FGREP='/usr/bin/grep -F'
GREP='/usr/bin/grep'
INSTALL_DATA='${INSTALL} -m 644'
INSTALL_PROGRAM='${INSTALL}'
INSTALL_SCRIPT='${INSTALL}'
INSTALL_STRIP_PROGRAM='$(install_sh) -c -s'
LD='/usr/bin/x86_64-w64-mingw32-ld'
LDFLAGS=''
LIBCONFIG_CFLAGS=''
LIBCONFIG_LIBADD=''
LIBOBJS=''
LIBS=''
LIBTOOL='$(SHELL) $(top_builddir)/libtool'
LIPO=''
LN_S='ln -s'
LTLIBOBJS=''
LT_SYS_LIBRARY_PATH=''
MAKEINFO='${SHELL} '\''/home/j005u/dji_recovery_c/deps/libwdi-1.4.1/missing'\'' makeinfo'
MANIFEST_TOOL=':'
MKDIR_P='/usr/bin/mkdir -p'
NM='/usr/bin/x86_64-w64-mingw32-nm -B'
NMEDIT=''
OBJDUMP='x86_64-w64-mingw32-objdump'
OBJEXT='o'
OPT_M32=''
OPT_M32_FALSE=''
OPT_M32_TRUE='#'
OPT_M64=''
OPT_M64_FALSE='#'
OPT_M64_TRUE=''
OTOOL64=''
OTOOL=''
PACKAGE='libwdi'
PACKAGE_BUGREPORT='libwdi-devel@lists.sourceforge.net'
PACKAGE_NAME='libwdi'
PACKAGE_STRING='libwdi 1.3.1'
PACKAGE_TARNAME='libwdi'
PACKAGE_URL='http://libwdi.akeo.ie'
PACKAGE_VERSION='1.3.1'
PATH_SEPARATOR=':'
RANLIB='x86_64-w64-mingw32-ranlib'
RC='x86_64-w64-mingw32-windres'
SED='/usr/bin/sed'
SET_MAKE=''
SHELL='/bin/bash'
STRIP='x86_64-w64-mingw32-strip'
VERSION='1.3.1'
VISIBILITY_CFLAGS=''
X64_DIR='x64'
ac_ct_AR=''
ac_ct_CC=''
ac_ct_DUMPBIN=''
am__EXEEXT_FALSE='#'
am__EXEEXT_TRUE=''
am__fastdepCC_FALSE='#'
am__fastdepCC_TRUE=''
am__include='include'
am__isrc=''
am__leading_dot='.'
am__nodep='_no'
am__quote=''
am__tar='$${TAR-tar} chof - "$$tardir"'
am__untar='$${TAR-tar} xf -'
bindir='${exec_prefix}/bin'
build='x86_64-pc-linux-gnu'
build_alias=''
build_cpu='x86_64'
build_os='linux-gnu'
build_vendor='pc'
datadir='${datarootdir}'
datarootdir='${prefix}/share'
docdir='${datarootdir}/doc/${PACKAGE_TARNAME}'
dvidir='${docdir}'
exec_prefix='${prefix}'
host='x86_64-w64-mingw32'
host_alias='x86_64-w64-mingw32'
host_cpu='x86_64'
host_os='mingw32'
host_vendor='w64'
htmldir='${docdir}'
includedir='${prefix}/include'
infodir='${datarootdir}/info'
install_sh='${SHELL} /home/j005u/dji_recovery_c/deps/libwdi-1.4.1/install-sh'
libdir='${exec_prefix}/lib'
libexecdir='${exec_prefix}/libexec'
localedir='${datarootdir}/locale'
localstatedir='${prefix}/var'
mandir='${datarootdir}/man'
mkdir_p='$(MKDIR_P)'
oldincludedir='/usr/include'
pdfdir='${docdir}'
prefix='/usr/local'
program_transform_name='s,x,x,'
psdir='${docdir}'
runstatedir='${localstatedir}/run'
sbindir='${exec_prefix}/sbin'
sharedstatedir='${prefix}/com'
sysconfdir='${prefix}/etc'
target_alias=''

## ----------- ##
## confdefs.h. ##
## ----------- ##

/* confdefs.h */
#define PACKAGE_NAME "libwdi"
#define PACKAGE_TARNAME "libwdi"
#define PACKAGE_VERSION "1.3.1"
#define PACKAGE_STRING "libwdi 1.3.1"
#define PACKAGE_BUGREPORT "libwdi-devel@lists.sourceforge.net"
#define PACKAGE_URL "http://libwdi.akeo.ie"
#define PACKAGE "libwdi"
#define VERSION "1.3.1"
#define HAVE_STDIO_H 1
#define HAVE_STDLIB_H 1
#define HAVE_STRING_H 1
#define HAVE_INTTYPES_H 1
#define HAVE_STDINT_H 1
#define HAVE_STRINGS_H 1
#define HAVE_SYS_STAT_H 1
#define HAVE_SYS_TYPES_H 1
#define HAVE_UNISTD_H 1
#define STDC_HEADERS 1
#define LT_OBJDIR ".libs/"
#define _GNU_SOURCE /**/
#define WDK_DIR "../../drivers/wdk-8.0"
#define WDF_VER 1011
#define LIBUSB0_DIR "../../drivers/libusb-win32-bin-1.2.6.0/"
#define LIBUSBK_DIR "../../drivers/libusbK-3.1.0.0-bin/bin/"
#define USER_DIR "../../drivers/kedacom_adb/"
#define OPT_M64 /**/
#define COINSTALLER_DIR "wdf"
#define HAVE_______DRIVERS_WDK_8_0_REDIST_WDF_X64_ 1
#define X64_DIR "x64"
#define HAVE_______DRIVERS_WDK_8_0_REDIST_WDF_X64_WDFCOINSTALLER01011_DLL 1
#define HAVE_______DRIVERS_WDK_8_0_REDIST_WDF_X64_WINUSBCOINSTALLER2_DLL 1
#define WDK_DIR "../../../drivers/wdk-8.0"
#define HAVE_______DRIVERS_LIBUSB_WIN32_BIN_1_2_6_0__BIN_X86_LIBUSB0_SYS 1
#define HAVE_______DRIVERS_LIBUSB_WIN32_BIN_1_2_6_0__BIN_X86_LIBUSB0_X86_DLL 1
#define HAVE_______DRIVERS_LIBUSB_WIN32_BIN_1_2_6_0__BIN_AMD64_LIBUSB0_SYS 1
#define HAVE_______DRIVERS_LIBUSB_WIN32_BIN_1_2_6_0__BIN_AMD64_LIBUSB0_DLL 1
#define LIBUSB0_DIR "../../../drivers/libusb-win32-bin-1.2.6.0/"
#define HAVE_______DRIVERS_LIBUSBK_3_1_0_0_BIN_BIN__SYS_X86_LIBUSBK_SYS 1
#define HAVE_______DRIVERS_LIBUSBK_3_1_0_0_BIN_BIN__DLL_X86_LIBUSBK_DLL 1
#define HAVE_______DRIVERS_LIBUSBK_3_1_0_0_BIN_BIN__DLL_X86_LIBUSB0_DLL 1
#define HAVE_______DRIVERS_LIBUSBK_3_1_0_0_BIN_BIN__SYS_AMD64_LIBUSBK_SYS 1
#define HAVE_______DRIVERS_LIBUSBK_3_1_0_0_BIN_BIN__DLL_AMD64_LIBUSBK_DLL 1
#define HAVE_______DRIVERS_LIBUSBK_3_1_0_0_BIN_BIN__DLL_AMD64_LIBUSB0_DLL 1
#define LIBUSBK_DIR "../../../drivers/libusbK-3.1.0.0-bin/bin/"
#define USER_DIR "../../../drivers/kedacom_adb/"
#define ENABLE_LOGGING 1
#define INCLUDE_DEBUG_LOGGING 1

configure: exit 0

## ---------------------- ##
## Running config.status. ##
## ---------------------- ##

This file was extended by libwdi config.status 1.3.1, which was
generated by GNU Autoconf 2.71.  Invocation command line was

  CONFIG_FILES    = 
  CONFIG_HEADERS  = 
  CONFIG_LINKS    = 
  CONFIG_COMMANDS = 
  $ ./config.status config.h

on DESKTOP-NR7EF6E

config.status:1189: creating config.h
config.status:1370: config.h is unchanged
